[2020-08-11 16:47:04.130668] [INFO] [handle_init.py] [get_value] [27] 获取配置文件的值，node：imooc,key：apiurl, data：https://www.imooc.com
[2020-08-11 16:47:04.169564] [INFO] [handle_init.py] [get_value] [27] 获取配置文件的值，node：baidu,key：baidufanyiurl, data：https://fanyi.baidu.com
[2020-08-11 16:47:04.176546] [INFO] [handle_apirequest.py] [api_request] [46] 请求接口名：'get接口名'，请求地址：'https://www.imooc.com/search/history'，请求方法：'GET'，请求头：{'Content-Type': 'application/json'}，请求Cookies：{}
[2020-08-11 16:47:04.177543] [INFO] [handle_apirequest.py] [api_request] [47] 请求接口名：'get接口名'，请求接口用例名：'测试用例1'，接口用例请求参数：{'words': 'test'}
[2020-08-11 16:47:04.414343] [INFO] [handle_apirequest.py] [api_request] [52] 请求接口名：'get接口名'，请求接口用例名：'测试用例1'，返回参数：{'result': 0, 'data': [], 'msg': '成功'}
[2020-08-11 16:47:04.415341] [INFO] [test_getRequestJson.py] [test_requestOne] [45] verify_result：False，verify_info:{'list_len_not_match_error': [{'actual_key': 'root.data', 'actual_len': 0, 'min_len': 1}]}
[2020-08-11 16:47:04.415341] [ERROR] [test_getRequestJson.py] [test_requestOne] [50] 测试用例契约校验失败，verify_result：False，verify_info:{'list_len_not_match_error': [{'actual_key': 'root.data', 'actual_len': 0, 'min_len': 1}]}
[2020-08-11 16:47:04.416338] [INFO] [test_getRequestJson.py] [test_requestOne] [55] 断言期望相关参数：check：msg,comparator：eq,expect：成功
[2020-08-11 16:47:04.416338] [INFO] [test_getRequestJson.py] [test_requestOne] [58] 测试用例断言成功
[2020-08-11 16:47:04.421326] [INFO] [handle_apirequest.py] [api_request] [46] 请求接口名：'get接口名'，请求地址：'https://www.imooc.com/search/history'，请求方法：'GET'，请求头：{'Content-Type': 'application/json'}，请求Cookies：{}
[2020-08-11 16:47:04.422323] [INFO] [handle_apirequest.py] [api_request] [47] 请求接口名：'get接口名'，请求接口用例名：'测试用例2'，接口用例请求参数：{'words': 'python'}
[2020-08-11 16:47:04.653016] [INFO] [handle_apirequest.py] [api_request] [52] 请求接口名：'get接口名'，请求接口用例名：'测试用例2'，返回参数：{'result': 0, 'data': [{'word': 'python'}, {'word': 'python入门'}, {'word': 'python爬虫'}, {'word': 'python3'}, {'word': 'python数据分析'}], 'msg': '成功'}
[2020-08-11 16:47:04.655011] [INFO] [test_getRequestJson.py] [test_requestOne] [45] verify_result：True，verify_info:{}
[2020-08-11 16:47:04.656009] [INFO] [test_getRequestJson.py] [test_requestOne] [55] 断言期望相关参数：check：msg,comparator：eq,expect：成功
[2020-08-11 16:47:04.656009] [INFO] [test_getRequestJson.py] [test_requestOne] [58] 测试用例断言成功
[2020-08-11 16:47:04.661992] [INFO] [handle_init.py] [get_value] [27] 获取配置文件的值，node：header,key：headerDefault, data：{"Content-Type": "application/json"}
[2020-08-11 16:47:04.901833] [INFO] [handle_apirequest.py] [api_request] [46] 请求接口名：'post接口名'，请求地址：'https://fanyi.baidu.com/langdetect'，请求方法：'POST'，请求头：{'Content-Type': 'application/json'}，请求Cookies：{}
[2020-08-11 16:47:04.902831] [INFO] [handle_apirequest.py] [api_request] [47] 请求接口名：'post接口名'，请求接口用例名：'测试用例1'，接口用例请求参数：{'query': '测试'}
[2020-08-11 16:47:05.050610] [INFO] [handle_apirequest.py] [api_request] [52] 请求接口名：'post接口名'，请求接口用例名：'测试用例1'，返回参数：{'error': 0, 'msg': 'success', 'lan': 'zh'}
[2020-08-11 16:47:05.051608] [INFO] [test_postRequestJson.py] [test_requestOne] [42] verify_result：True，verify_info:{}
[2020-08-11 16:47:05.051608] [INFO] [test_postRequestJson.py] [test_requestOne] [52] 断言期望相关参数：check：status_code,comparator：eq,expect：200
[2020-08-11 16:47:05.052604] [INFO] [test_postRequestJson.py] [test_requestOne] [55] 测试用例断言成功
[2020-08-11 16:47:05.056593] [INFO] [handle_apirequest.py] [api_request] [46] 请求接口名：'post接口名'，请求地址：'https://fanyi.baidu.com/langdetect'，请求方法：'POST'，请求头：{'Content-Type': 'application/json'}，请求Cookies：{}
[2020-08-11 16:47:05.057591] [INFO] [handle_apirequest.py] [api_request] [47] 请求接口名：'post接口名'，请求接口用例名：'测试用例2'，接口用例请求参数：{'query': 'python'}
[2020-08-11 16:47:05.253094] [INFO] [handle_apirequest.py] [api_request] [52] 请求接口名：'post接口名'，请求接口用例名：'测试用例2'，返回参数：{'error': 0, 'msg': 'success', 'lan': 'en'}
[2020-08-11 16:47:05.254091] [INFO] [test_postRequestJson.py] [test_requestOne] [42] verify_result：True，verify_info:{}
[2020-08-11 16:47:05.254091] [INFO] [test_postRequestJson.py] [test_requestOne] [52] 断言期望相关参数：check：msg,comparator：eq,expect：success
[2020-08-11 16:47:05.255088] [INFO] [test_postRequestJson.py] [test_requestOne] [55] 测试用例断言成功
[2020-08-11 16:48:35.468451] [INFO] [handle_init.py] [get_value] [27] 获取配置文件的值，node：imooc,key：apiurl, data：https://www.imooc.com
[2020-08-11 16:48:35.500367] [INFO] [handle_init.py] [get_value] [27] 获取配置文件的值，node：baidu,key：baidufanyiurl, data：https://fanyi.baidu.com
[2020-08-11 16:48:35.508345] [INFO] [handle_apirequest.py] [api_request] [46] 请求接口名：'get接口名'，请求地址：'https://www.imooc.com/search/history'，请求方法：'GET'，请求头：{'Content-Type': 'application/json'}，请求Cookies：{}
[2020-08-11 16:48:35.509342] [INFO] [handle_apirequest.py] [api_request] [47] 请求接口名：'get接口名'，请求接口用例名：'测试用例1'，接口用例请求参数：{'words': 'java'}
[2020-08-11 16:48:35.682895] [INFO] [handle_apirequest.py] [api_request] [52] 请求接口名：'get接口名'，请求接口用例名：'测试用例1'，返回参数：{'result': 0, 'data': [{'word': 'java'}, {'word': 'java入门'}, {'word': 'javascript'}, {'word': 'javaweb'}], 'msg': '成功'}
[2020-08-11 16:48:35.683876] [INFO] [test_getRequestJson.py] [test_requestOne] [45] verify_result：True，verify_info:{}
[2020-08-11 16:48:35.684873] [INFO] [test_getRequestJson.py] [test_requestOne] [55] 断言期望相关参数：check：msg,comparator：eq,expect：成功
[2020-08-11 16:48:35.685871] [INFO] [test_getRequestJson.py] [test_requestOne] [58] 测试用例断言成功
[2020-08-11 16:48:35.689861] [INFO] [handle_apirequest.py] [api_request] [46] 请求接口名：'get接口名'，请求地址：'https://www.imooc.com/search/history'，请求方法：'GET'，请求头：{'Content-Type': 'application/json'}，请求Cookies：{}
[2020-08-11 16:48:35.690857] [INFO] [handle_apirequest.py] [api_request] [47] 请求接口名：'get接口名'，请求接口用例名：'测试用例2'，接口用例请求参数：{'words': 'python'}
[2020-08-11 16:48:35.866146] [INFO] [handle_apirequest.py] [api_request] [52] 请求接口名：'get接口名'，请求接口用例名：'测试用例2'，返回参数：{'result': 0, 'data': [], 'msg': '成功'}
[2020-08-11 16:48:35.867143] [INFO] [test_getRequestJson.py] [test_requestOne] [45] verify_result：False，verify_info:{'list_len_not_match_error': [{'actual_key': 'root.data', 'actual_len': 0, 'min_len': 1}]}
[2020-08-11 16:48:35.868141] [ERROR] [test_getRequestJson.py] [test_requestOne] [50] 测试用例契约校验失败，verify_result：False，verify_info:{'list_len_not_match_error': [{'actual_key': 'root.data', 'actual_len': 0, 'min_len': 1}]}
[2020-08-11 16:48:35.868141] [INFO] [test_getRequestJson.py] [test_requestOne] [55] 断言期望相关参数：check：msg,comparator：eq,expect：成功
[2020-08-11 16:48:35.869138] [INFO] [test_getRequestJson.py] [test_requestOne] [58] 测试用例断言成功
[2020-08-11 16:48:35.875122] [INFO] [handle_init.py] [get_value] [27] 获取配置文件的值，node：header,key：headerDefault, data：{"Content-Type": "application/json"}
[2020-08-11 16:48:36.060486] [INFO] [handle_apirequest.py] [api_request] [46] 请求接口名：'post接口名'，请求地址：'https://fanyi.baidu.com/langdetect'，请求方法：'POST'，请求头：{'Content-Type': 'application/json'}，请求Cookies：{}
[2020-08-11 16:48:36.061484] [INFO] [handle_apirequest.py] [api_request] [47] 请求接口名：'post接口名'，请求接口用例名：'测试用例1'，接口用例请求参数：{'query': '测试'}
[2020-08-11 16:48:36.227030] [INFO] [handle_apirequest.py] [api_request] [52] 请求接口名：'post接口名'，请求接口用例名：'测试用例1'，返回参数：{'error': 0, 'msg': 'success', 'lan': 'zh'}
[2020-08-11 16:48:36.228027] [INFO] [test_postRequestJson.py] [test_requestOne] [42] verify_result：True，verify_info:{}
[2020-08-11 16:48:36.229024] [INFO] [test_postRequestJson.py] [test_requestOne] [52] 断言期望相关参数：check：status_code,comparator：eq,expect：200
[2020-08-11 16:48:36.230021] [INFO] [test_postRequestJson.py] [test_requestOne] [55] 测试用例断言成功
[2020-08-11 16:48:36.234010] [INFO] [handle_apirequest.py] [api_request] [46] 请求接口名：'post接口名'，请求地址：'https://fanyi.baidu.com/langdetect'，请求方法：'POST'，请求头：{'Content-Type': 'application/json'}，请求Cookies：{}
[2020-08-11 16:48:36.235008] [INFO] [handle_apirequest.py] [api_request] [47] 请求接口名：'post接口名'，请求接口用例名：'测试用例2'，接口用例请求参数：{'query': 'python'}
[2020-08-11 16:48:36.396577] [INFO] [handle_apirequest.py] [api_request] [52] 请求接口名：'post接口名'，请求接口用例名：'测试用例2'，返回参数：{'error': 0, 'msg': 'success', 'lan': 'en'}
[2020-08-11 16:48:36.397574] [INFO] [test_postRequestJson.py] [test_requestOne] [42] verify_result：True，verify_info:{}
[2020-08-11 16:48:36.397574] [INFO] [test_postRequestJson.py] [test_requestOne] [52] 断言期望相关参数：check：msg,comparator：eq,expect：success
[2020-08-11 16:48:36.398571] [INFO] [test_postRequestJson.py] [test_requestOne] [55] 测试用例断言成功
[2020-08-11 16:56:23.464723] [INFO] [handle_init.py] [get_value] [27] 获取配置文件的值，node：imooc,key：apiurl, data：https://www.imooc.com
[2020-08-11 16:56:23.501624] [INFO] [handle_init.py] [get_value] [27] 获取配置文件的值，node：baidu,key：baidufanyiurl, data：https://fanyi.baidu.com
[2020-08-11 16:56:23.508605] [INFO] [handle_apirequest.py] [api_request] [46] 请求接口名：'get接口名'，请求地址：'https://www.imooc.com/search/history'，请求方法：'GET'，请求头：{'Content-Type': 'application/json'}，请求Cookies：{}
[2020-08-11 16:56:23.509603] [INFO] [handle_apirequest.py] [api_request] [47] 请求接口名：'get接口名'，请求接口用例名：'测试用例1'，接口用例请求参数：{'words': 'java'}
[2020-08-11 16:56:23.664218] [ERROR] [test_getRequestJson.py] [test_requestOne] [62] 测试用例请求失败，原因：Expecting value: line 1 column 1 (char 0)
[2020-08-11 16:56:23.670174] [INFO] [handle_apirequest.py] [api_request] [46] 请求接口名：'get接口名'，请求地址：'https://www.imooc.com/search/history'，请求方法：'GET'，请求头：{'Content-Type': 'application/json'}，请求Cookies：{}
[2020-08-11 16:56:23.671172] [INFO] [handle_apirequest.py] [api_request] [47] 请求接口名：'get接口名'，请求接口用例名：'测试用例2'，接口用例请求参数：{'words': 'python'}
[2020-08-11 16:56:23.796114] [ERROR] [test_getRequestJson.py] [test_requestOne] [62] 测试用例请求失败，原因：Expecting value: line 1 column 1 (char 0)
[2020-08-11 16:56:23.802098] [INFO] [handle_init.py] [get_value] [27] 获取配置文件的值，node：header,key：headerDefault, data：{"Content-Type": "application/json"}
[2020-08-11 16:56:24.009591] [INFO] [handle_apirequest.py] [api_request] [46] 请求接口名：'post接口名'，请求地址：'https://fanyi.baidu.com/langdetect'，请求方法：'POST'，请求头：{'Content-Type': 'application/json'}，请求Cookies：{}
[2020-08-11 16:56:24.010589] [INFO] [handle_apirequest.py] [api_request] [47] 请求接口名：'post接口名'，请求接口用例名：'测试用例1'，接口用例请求参数：{'query': '测试'}
[2020-08-11 16:56:24.158768] [INFO] [handle_apirequest.py] [api_request] [52] 请求接口名：'post接口名'，请求接口用例名：'测试用例1'，返回参数：{'error': 0, 'msg': 'success', 'lan': 'zh'}
[2020-08-11 16:56:24.159767] [INFO] [test_postRequestJson.py] [test_requestOne] [42] verify_result：True，verify_info:{}
[2020-08-11 16:56:24.160738] [INFO] [test_postRequestJson.py] [test_requestOne] [52] 断言期望相关参数：check：status_code,comparator：eq,expect：200
[2020-08-11 16:56:24.160738] [INFO] [test_postRequestJson.py] [test_requestOne] [55] 测试用例断言成功
[2020-08-11 16:56:24.165759] [INFO] [handle_apirequest.py] [api_request] [46] 请求接口名：'post接口名'，请求地址：'https://fanyi.baidu.com/langdetect'，请求方法：'POST'，请求头：{'Content-Type': 'application/json'}，请求Cookies：{}
[2020-08-11 16:56:24.165759] [INFO] [handle_apirequest.py] [api_request] [47] 请求接口名：'post接口名'，请求接口用例名：'测试用例2'，接口用例请求参数：{'query': 'python'}
[2020-08-11 16:56:24.290202] [INFO] [handle_apirequest.py] [api_request] [52] 请求接口名：'post接口名'，请求接口用例名：'测试用例2'，返回参数：{'error': 0, 'msg': 'success', 'lan': 'en'}
[2020-08-11 16:56:24.291199] [INFO] [test_postRequestJson.py] [test_requestOne] [42] verify_result：True，verify_info:{}
[2020-08-11 16:56:24.292197] [INFO] [test_postRequestJson.py] [test_requestOne] [52] 断言期望相关参数：check：msg,comparator：eq,expect：success
[2020-08-11 16:56:24.292197] [INFO] [test_postRequestJson.py] [test_requestOne] [55] 测试用例断言成功
[2020-08-11 16:58:20.567867] [INFO] [handle_init.py] [get_value] [27] 获取配置文件的值，node：imooc,key：apiurl, data：https://www.imooc.com
[2020-08-11 16:58:20.654636] [INFO] [handle_init.py] [get_value] [27] 获取配置文件的值，node：imooc,key：apiurl, data：https://www.imooc.com
[2020-08-11 16:58:20.660621] [INFO] [handle_apirequest.py] [api_request] [46] 请求接口名：'get接口名'，请求地址：'https://www.imooc.com/search/history'，请求方法：'GET'，请求头：{'Content-Type': 'application/json'}，请求Cookies：{}
[2020-08-11 16:58:20.660621] [INFO] [handle_apirequest.py] [api_request] [47] 请求接口名：'get接口名'，请求接口用例名：'测试用例1'，接口用例请求参数：{'words': 'java'}
[2020-08-11 16:58:20.854135] [INFO] [handle_apirequest.py] [api_request] [52] 请求接口名：'get接口名'，请求接口用例名：'测试用例1'，返回参数：{'result': 0, 'data': [], 'msg': '成功'}
[2020-08-11 16:58:20.854135] [INFO] [test_getRequestJson.py] [test_requestOne] [45] verify_result：False，verify_info:{'list_len_not_match_error': [{'actual_key': 'root.data', 'actual_len': 0, 'min_len': 1}]}
[2020-08-11 16:58:20.854135] [ERROR] [test_getRequestJson.py] [test_requestOne] [50] 测试用例契约校验失败，verify_result：False，verify_info:{'list_len_not_match_error': [{'actual_key': 'root.data', 'actual_len': 0, 'min_len': 1}]}
[2020-08-11 16:58:20.854135] [INFO] [test_getRequestJson.py] [test_requestOne] [55] 断言期望相关参数：check：msg,comparator：eq,expect：成功
[2020-08-11 16:58:20.854135] [INFO] [test_getRequestJson.py] [test_requestOne] [58] 测试用例断言成功
[2020-08-11 16:58:20.858095] [INFO] [handle_apirequest.py] [api_request] [46] 请求接口名：'get接口名'，请求地址：'https://www.imooc.com/search/history'，请求方法：'GET'，请求头：{'Content-Type': 'application/json'}，请求Cookies：{}
[2020-08-11 16:58:20.858095] [INFO] [handle_apirequest.py] [api_request] [47] 请求接口名：'get接口名'，请求接口用例名：'测试用例2'，接口用例请求参数：{'words': 'python'}
[2020-08-11 16:58:20.982910] [INFO] [handle_apirequest.py] [api_request] [52] 请求接口名：'get接口名'，请求接口用例名：'测试用例2'，返回参数：{'result': 0, 'data': [], 'msg': '成功'}
[2020-08-11 16:58:20.982910] [INFO] [test_getRequestJson.py] [test_requestOne] [45] verify_result：False，verify_info:{'list_len_not_match_error': [{'actual_key': 'root.data', 'actual_len': 0, 'min_len': 1}]}
[2020-08-11 16:58:20.983931] [ERROR] [test_getRequestJson.py] [test_requestOne] [50] 测试用例契约校验失败，verify_result：False，verify_info:{'list_len_not_match_error': [{'actual_key': 'root.data', 'actual_len': 0, 'min_len': 1}]}
[2020-08-11 16:58:20.983931] [INFO] [test_getRequestJson.py] [test_requestOne] [55] 断言期望相关参数：check：msg,comparator：eq,expect：成功
[2020-08-11 16:58:20.983931] [INFO] [test_getRequestJson.py] [test_requestOne] [58] 测试用例断言成功
[2020-08-11 16:59:08.716870] [INFO] [handle_init.py] [get_value] [27] 获取配置文件的值，node：imooc,key：apiurl, data：https://www.imooc.com
[2020-08-11 16:59:08.757726] [INFO] [handle_init.py] [get_value] [27] 获取配置文件的值，node：baidu,key：baidufanyiurl, data：https://fanyi.baidu.com
[2020-08-11 16:59:08.765704] [INFO] [handle_apirequest.py] [api_request] [46] 请求接口名：'get接口名'，请求地址：'https://www.imooc.com/search/history'，请求方法：'GET'，请求头：{'Content-Type': 'application/json'}，请求Cookies：{}
[2020-08-11 16:59:08.765704] [INFO] [handle_apirequest.py] [api_request] [47] 请求接口名：'get接口名'，请求接口用例名：'测试用例1'，接口用例请求参数：{'words': 'java'}
[2020-08-11 16:59:09.309655] [INFO] [handle_apirequest.py] [api_request] [52] 请求接口名：'get接口名'，请求接口用例名：'测试用例1'，返回参数：{'result': 0, 'data': [], 'msg': '成功'}
[2020-08-11 16:59:09.310653] [INFO] [test_getRequestJson.py] [test_requestOne] [45] verify_result：False，verify_info:{'list_len_not_match_error': [{'actual_key': 'root.data', 'actual_len': 0, 'min_len': 1}]}
[2020-08-11 16:59:09.311651] [ERROR] [test_getRequestJson.py] [test_requestOne] [50] 测试用例契约校验失败，verify_result：False，verify_info:{'list_len_not_match_error': [{'actual_key': 'root.data', 'actual_len': 0, 'min_len': 1}]}
[2020-08-11 16:59:09.311651] [INFO] [test_getRequestJson.py] [test_requestOne] [55] 断言期望相关参数：check：msg,comparator：eq,expect：成功
[2020-08-11 16:59:09.312648] [INFO] [test_getRequestJson.py] [test_requestOne] [58] 测试用例断言成功
[2020-08-11 16:59:09.317634] [INFO] [handle_apirequest.py] [api_request] [46] 请求接口名：'get接口名'，请求地址：'https://www.imooc.com/search/history'，请求方法：'GET'，请求头：{'Content-Type': 'application/json'}，请求Cookies：{}
[2020-08-11 16:59:09.317634] [INFO] [handle_apirequest.py] [api_request] [47] 请求接口名：'get接口名'，请求接口用例名：'测试用例2'，接口用例请求参数：{'words': 'python'}
[2020-08-11 16:59:09.463405] [INFO] [handle_apirequest.py] [api_request] [52] 请求接口名：'get接口名'，请求接口用例名：'测试用例2'，返回参数：{'result': 0, 'data': [], 'msg': '成功'}
[2020-08-11 16:59:09.464402] [INFO] [test_getRequestJson.py] [test_requestOne] [45] verify_result：False，verify_info:{'list_len_not_match_error': [{'actual_key': 'root.data', 'actual_len': 0, 'min_len': 1}]}
[2020-08-11 16:59:09.465399] [ERROR] [test_getRequestJson.py] [test_requestOne] [50] 测试用例契约校验失败，verify_result：False，verify_info:{'list_len_not_match_error': [{'actual_key': 'root.data', 'actual_len': 0, 'min_len': 1}]}
[2020-08-11 16:59:09.466397] [INFO] [test_getRequestJson.py] [test_requestOne] [55] 断言期望相关参数：check：msg,comparator：eq,expect：成功
[2020-08-11 16:59:09.466397] [INFO] [test_getRequestJson.py] [test_requestOne] [58] 测试用例断言成功
[2020-08-11 16:59:09.472381] [INFO] [handle_init.py] [get_value] [27] 获取配置文件的值，node：header,key：headerDefault, data：{"Content-Type": "application/json"}
[2020-08-11 16:59:09.689803] [INFO] [handle_apirequest.py] [api_request] [46] 请求接口名：'post接口名'，请求地址：'https://fanyi.baidu.com/langdetect'，请求方法：'POST'，请求头：{'Content-Type': 'application/json'}，请求Cookies：{}
[2020-08-11 16:59:09.690800] [INFO] [handle_apirequest.py] [api_request] [47] 请求接口名：'post接口名'，请求接口用例名：'测试用例1'，接口用例请求参数：{'query': '测试'}
[2020-08-11 16:59:09.906923] [INFO] [handle_apirequest.py] [api_request] [52] 请求接口名：'post接口名'，请求接口用例名：'测试用例1'，返回参数：{'error': 0, 'msg': 'success', 'lan': 'zh'}
[2020-08-11 16:59:09.907926] [INFO] [test_postRequestJson.py] [test_requestOne] [42] verify_result：True，verify_info:{}
[2020-08-11 16:59:09.908892] [INFO] [test_postRequestJson.py] [test_requestOne] [52] 断言期望相关参数：check：status_code,comparator：eq,expect：200
[2020-08-11 16:59:09.909889] [INFO] [test_postRequestJson.py] [test_requestOne] [55] 测试用例断言成功
[2020-08-11 16:59:09.913878] [INFO] [handle_apirequest.py] [api_request] [46] 请求接口名：'post接口名'，请求地址：'https://fanyi.baidu.com/langdetect'，请求方法：'POST'，请求头：{'Content-Type': 'application/json'}，请求Cookies：{}
[2020-08-11 16:59:09.914876] [INFO] [handle_apirequest.py] [api_request] [47] 请求接口名：'post接口名'，请求接口用例名：'测试用例2'，接口用例请求参数：{'query': 'python'}
[2020-08-11 16:59:10.070090] [INFO] [handle_apirequest.py] [api_request] [52] 请求接口名：'post接口名'，请求接口用例名：'测试用例2'，返回参数：{'error': 0, 'msg': 'success', 'lan': 'en'}
[2020-08-11 16:59:10.071088] [INFO] [test_postRequestJson.py] [test_requestOne] [42] verify_result：True，verify_info:{}
[2020-08-11 16:59:10.072085] [INFO] [test_postRequestJson.py] [test_requestOne] [52] 断言期望相关参数：check：msg,comparator：eq,expect：success
[2020-08-11 16:59:10.073082] [INFO] [test_postRequestJson.py] [test_requestOne] [55] 测试用例断言成功
