[2020-06-08 10:08:06.553790] [ERROR] [test_one.py] [test_requestOne] [31] 测试日志模块
[2020-06-08 11:44:29.396278] [ERROR] [test_request.py] [test_requestOne] [45] <class 'Exception'>
[2020-06-08 11:45:38.882000] [ERROR] [test_request.py] [test_requestOne] [40] <class 'Exception'>
[2020-06-08 11:46:27.893327] [ERROR] [test_request.py] [test_requestOne] [40] <class 'Exception'>
[2020-06-08 11:48:08.028654] [ERROR] [test_request.py] [test_requestOne] [41] <class 'Exception'>
[2020-06-08 11:48:48.702275] [ERROR] [test_request.py] [test_requestOne] [41] <class 'Exception'>
[2020-06-08 11:49:13.207102] [INFO] [test_request.py] [test_requestOne] [39] requestsJsonLog
[2020-06-08 11:50:11.249596] [INFO] [test_request.py] [test_requestOne] [40] requestsJsonLog
[2020-06-08 11:51:09.515721] [INFO] [test_request.py] [test_requestOne] [40] requestsJsonLog
[2020-06-08 11:51:38.333688] [INFO] [test_request.py] [test_requestOne] [40] requestsJsonLog
[2020-06-08 11:51:57.219194] [INFO] [test_request.py] [test_requestOne] [40] requestsJsonLog
[2020-06-08 11:52:41.165824] [INFO] [test_request.py] [test_requestOne] [40] requestsJsonLog
[2020-06-08 11:53:56.711025] [INFO] [test_request.py] [test_requestOne] [38] 测试
[2020-06-08 12:55:55.056530] [INFO] [test_request.py] [test_requestOne] [39] 接口请求地址url：https://www.imooc.com/search/history，请求方法：Get，请求header：{"Content-Type": "application/json"}，请求参数：{"words": "Test"}，请求返回：{"result": 0, "data": [{"word": "python"}, {"word": "java"}, {"word": "vue"}, {"word": "spring"}, {"word": "\u5c0f\u7a0b\u5e8f"}], "msg": "\u6210\u529f"}
[2020-06-08 12:56:54.907111] [INFO] [test_request.py] [test_requestOne] [38] 接口请求地址url：https://www.imooc.com/search/history，请求方法：Get，请求header：{"Content-Type": "application/json"}，请求参数：{"words": "Test"}，请求返回：{"result": 0, "data": [{"word": "python"}, {"word": "java"}, {"word": "vue"}, {"word": "spring"}, {"word": "\u5c0f\u7a0b\u5e8f"}], "msg": "\u6210\u529f"}
[2020-06-08 15:19:57.717218] [ERROR] [test_request.py] [test_requestOne] [41] HTTPSConnectionPool(host='www.imooc.com', port=443): Max retries exceeded with url: /search/history (Caused by SSLError(SSLCertVerificationError(1, '[SSL: CERTIFICATE_VERIFY_FAILED] certificate verify failed: unable to get local issuer certificate (_ssl.c:1076)')))
[2020-06-08 15:21:17.185024] [ERROR] [test_request.py] [test_requestOne] [41] HTTPSConnectionPool(host='www.imooc.com', port=443): Max retries exceeded with url: /search/history (Caused by SSLError(SSLCertVerificationError(1, '[SSL: CERTIFICATE_VERIFY_FAILED] certificate verify failed: unable to get local issuer certificate (_ssl.c:1076)')))
[2020-06-08 15:21:40.602522] [INFO] [test_request.py] [test_requestOne] [39] 接口请求地址url：https://www.imooc.com/search/history，请求方法：Get，请求header：{"Content-Type": "application/json"}，请求参数：{"words": "Test"}，请求返回：{"result": 0, "data": [{"word": "python"}, {"word": "java"}, {"word": "vue"}, {"word": "spring"}, {"word": "\u5c0f\u7a0b\u5e8f"}], "msg": "\u6210\u529f"}
[2020-06-08 15:26:47.288224] [ERROR] [test_request.py] [test_requestOne] [41] run_main() takes from 4 to 6 positional arguments but 7 were given
[2020-06-08 15:28:02.974271] [INFO] [test_request.py] [test_requestOne] [39] 接口请求地址url：https://www.imooc.com/search/history，请求方法：Get，请求header：{"Content-Type": "application/json"}，请求参数：{"words": "Test"}，请求返回：{"result": 0, "data": [{"word": "python"}, {"word": "java"}, {"word": "vue"}, {"word": "spring"}, {"word": "\u5c0f\u7a0b\u5e8f"}], "msg": "\u6210\u529f"}
[2020-06-08 15:44:31.366425] [ERROR] [test_request.py] [test_requestOne] [43] malformed node or string: {'words': 'Test'}
[2020-06-08 15:45:29.868689] [ERROR] [test_request.py] [test_requestOne] [44] name 'paramsDataDict' is not defined
[2020-06-08 15:53:35.673842] [ERROR] [test_request.py] [test_requestOne] [42] run_main() takes from 3 to 5 positional arguments but 6 were given
[2020-06-08 15:53:57.208424] [ERROR] [test_request.py] [test_requestOne] [42] run_main() takes from 3 to 5 positional arguments but 6 were given
[2020-06-08 16:25:41.000345] [INFO] [test_request.py] [test_requestOne] [40] 接口请求地址url：https://www.imooc.com/search/history，请求方法：Get，请求header：{"Content-Type": "application/json"}，请求参数：{"words": "Test"}，请求返回：{"result": 0, "data": [{"word": "python"}, {"word": "java"}, {"word": "vue"}, {"word": "spring"}, {"word": "\u5c0f\u7a0b\u5e8f"}], "msg": "\u6210\u529f"}
[2020-06-08 16:27:17.489559] [INFO] [test_request.py] [test_requestOne] [41] 接口请求地址url：https://www.imooc.com/search/history，请求方法：Get，请求header：{"Content-Type": "application/json"}，请求参数：{"words": "Test"}，请求返回：{"result": 0, "data": [{"word": "python"}, {"word": "java"}, {"word": "vue"}, {"word": "spring"}, {"word": "\u5c0f\u7a0b\u5e8f"}], "msg": "\u6210\u529f"}
[2020-06-08 16:28:16.653293] [INFO] [test_request.py] [test_requestOne] [41] 接口请求地址url：https://www.imooc.com/search/history，请求方法：Get，请求header：{"Content-Type": "application/json"}，请求参数：{"words": "Test"}，请求返回：{"result": 0, "data": [{"word": "python"}, {"word": "java"}, {"word": "vue"}, {"word": "spring"}, {"word": "\u5c0f\u7a0b\u5e8f"}], "msg": "\u6210\u529f"}
[2020-06-08 16:29:31.561408] [INFO] [test_request.py] [test_requestOne] [41] 接口请求地址url：https://www.imooc.com/search/history，请求方法：Get，请求header：{"Content-Type": "application/json"}，请求参数：{"words": "Test"}，请求返回：{"result": 0, "data": [{"word": "python"}, {"word": "java"}, {"word": "vue"}, {"word": "spring"}, {"word": "\u5c0f\u7a0b\u5e8f"}], "msg": "\u6210\u529f"}
[2020-06-08 16:29:43.800961] [INFO] [test_request.py] [test_requestOne] [41] 接口请求地址url：https://www.imooc.com/search/history，请求方法：Get，请求header：{"Content-Type": "application/json"}，请求参数：{"words": "Test"}，请求返回：{"result": 0, "data": [{"word": "python"}, {"word": "java"}, {"word": "vue"}, {"word": "spring"}, {"word": "\u5c0f\u7a0b\u5e8f"}], "msg": "\u6210\u529f"}
[2020-06-08 16:30:10.753398] [ERROR] [test_request.py] [test_requestOne] [43] assert 'testng' == 'python'
  - python
  + testng
[2020-06-08 16:30:30.144245] [ERROR] [test_request.py] [test_requestOne] [43] assert 'testng' == 'python'
  - python
  + testng
[2020-06-08 16:31:00.510466] [INFO] [test_request.py] [test_requestOne] [41] 接口请求地址url：https://www.imooc.com/search/history，请求方法：Get，请求header：{"Content-Type": "application/json"}，请求参数：{"words": "Test"}，请求返回：{"result": 0, "data": [{"word": "testng"}, {"word": "test"}, {"word": "testlink"}, {"word": "testn"}, {"word": "testng\u6559\u7a0b"}], "msg": "\u6210\u529f"}
[2020-06-08 16:31:29.478578] [INFO] [test_request.py] [test_requestOne] [41] 接口请求地址url：https://www.imooc.com/search/history，请求方法：Get，请求header：{"Content-Type": "application/json"}，请求参数：{"words": "Test"}，请求返回：{"result": 0, "data": [{"word": "testng"}, {"word": "test"}, {"word": "testlink"}, {"word": "testn"}, {"word": "testng\u6559\u7a0b"}], "msg": "\u6210\u529f"}
[2020-06-08 16:34:15.411564] [ERROR] [test_request.py] [test_requestOne] [43] assert 'testng' == 'python'
  - python
  + testng
[2020-06-08 16:37:42.722532] [ERROR] [test_request.py] [test_requestOne] [43] assert 'testng' == 'python'
  - python
  + testng
[2020-06-08 16:41:52.840244] [ERROR] [test_request.py] [test_requestOne] [41] assert 'testng' == 'python'
  - python
  + testng
[2020-06-08 16:43:34.529866] [ERROR] [test_request.py] [test_requestOne] [41] assert 'testng' == 'python'
  - python
  + testng
[2020-06-08 16:43:52.072059] [INFO] [test_request.py] [test_requestOne] [39] 接口请求地址url：'https://www.imooc.com/search/history'，请求方法：'Get'，请求header：'{"Content-Type": "application/json"}'，请求参数：'{"words": "Test"}'，请求返回：'{"result": 0, "data": [{"word": "testng"}, {"word": "test"}, {"word": "testlink"}, {"word": "testn"}, {"word": "testng\\u6559\\u7a0b"}], "msg": "\\u6210\\u529f"}'
[2020-06-08 16:55:24.564828] [INFO] [test_request.py] [test_requestOne] [39] 接口请求地址url：'https://www.imooc.com/search/history'，请求方法：'Get'，请求header：'{"Content-Type": "application/json"}'，请求参数：'{"words": "Test"}'，请求返回：'{"result": 0, "data": [{"word": "testng"}, {"word": "test"}, {"word": "testlink"}, {"word": "testn"}, {"word": "testng\\u6559\\u7a0b"}], "msg": "\\u6210\\u529f"}'
[2020-06-08 17:03:16.902449] [INFO] [test_request.py] [test_requestOne] [39] æ¥å£è¯·æ±å°åurlï¼'https://www.imooc.com/search/history'ï¼è¯·æ±æ¹æ³ï¼'Get'ï¼è¯·æ±headerï¼'{"Content-Type": "application/json"}'ï¼è¯·æ±åæ°ï¼'{"words": "Test"}'ï¼è¯·æ±è¿åï¼'{"result": 0, "data": [{"word": "testng"}, {"word": "test"}, {"word": "testlink"}, {"word": "testn"}, {"word": "testng\u6559\u7a0b"}], "msg": "\u6210\u529f"}'
[2020-06-08 17:04:12.933421] [INFO] [test_request.py] [test_requestOne] [39] 接口请求地址url：'https://www.imooc.com/search/history'，请求方法：'Get'，请求header：'{"Content-Type": "application/json"}'，请求参数：'{"words": "Test"}'，请求返回：'{"result": 0, "data": [{"word": "testng"}, {"word": "test"}, {"word": "testlink"}, {"word": "testn"}, {"word": "testng\\u6559\\u7a0b"}], "msg": "\\u6210\\u529f"}'
[2020-06-08 17:06:45.554638] [INFO] [test_request.py] [test_requestOne] [39] 接口请求地址url：'https://www.imooc.com/search/history'，请求方法：'Get'，请求header：'{"Content-Type": "application/json"}'，请求参数：'{"words": "Test"}'，请求返回：'{"result": 0, "data": [{"word": "testng"}, {"word": "test"}, {"word": "testlink"}, {"word": "testn"}, {"word": "testng\\u6559\\u7a0b"}], "msg": "\\u6210\\u529f"}'
[2020-06-08 17:07:58.507281] [INFO] [test_request.py] [test_requestOne] [39] \u63a5\u53e3\u8bf7\u6c42\u5730\u5740url\uff1a'https://www.imooc.com/search/history'\uff0c\u8bf7\u6c42\u65b9\u6cd5\uff1a'Get'\uff0c\u8bf7\u6c42header\uff1a'{"Content-Type": "application/json"}'\uff0c\u8bf7\u6c42\u53c2\u6570\uff1a'{"words": "Test"}'\uff0c\u8bf7\u6c42\u8fd4\u56de\uff1a'{"result": 0, "data": [{"word": "testng"}, {"word": "test"}, {"word": "testlink"}, {"word": "testn"}, {"word": "testng\\\\u6559\\\\u7a0b"}], "msg": "\\\\u6210\\\\u529f"}'
[2020-06-08 17:12:02.112791] [INFO] [test_request.py] [test_requestOne] [39] \u63a5\u53e3\u8bf7\u6c42\u5730\u5740url\uff1a'https://www.imooc.com/search/history'\uff0c\u8bf7\u6c42\u65b9\u6cd5\uff1a'Get'\uff0c\u8bf7\u6c42header\uff1a'{"Content-Type": "application/json"}'\uff0c\u8bf7\u6c42\u53c2\u6570\uff1a'{"words": "Test"}'\uff0c\u8bf7\u6c42\u8fd4\u56de\uff1a'{"result": 0, "data": [{"word": "testng"}, {"word": "test"}, {"word": "testlink"}, {"word": "testn"}, {"word": "testng\\\\u6559\\\\u7a0b"}], "msg": "\\\\u6210\\\\u529f"}'
[2020-06-08 17:16:37.847867] [INFO] [test_request.py] [test_requestOne] [39] æ¥å£è¯·æ±å°åurlï¼'https://www.imooc.com/search/history'ï¼è¯·æ±æ¹æ³ï¼'Get'ï¼è¯·æ±headerï¼'{"Content-Type": "application/json"}'ï¼è¯·æ±åæ°ï¼'{"words": "Test"}'ï¼è¯·æ±è¿åï¼'{"result": 0, "data": [{"word": "testng"}, {"word": "test"}, {"word": "testlink"}, {"word": "testn"}, {"word": "testng\u6559\u7a0b"}], "msg": "\u6210\u529f"}'
[2020-06-08 17:16:47.438682] [INFO] [test_request.py] [test_requestOne] [39] 接口请求地址url：'https://www.imooc.com/search/history'，请求方法：'Get'，请求header：'{"Content-Type": "application/json"}'，请求参数：'{"words": "Test"}'，请求返回：'{"result": 0, "data": [{"word": "testng"}, {"word": "test"}, {"word": "testlink"}, {"word": "testn"}, {"word": "testng\\u6559\\u7a0b"}], "msg": "\\u6210\\u529f"}'
[2020-06-08 17:17:15.429345] [INFO] [test_request.py] [test_requestOne] [39] b'\xe6\x8e\xa5\xe5\x8f\xa3\xe8\xaf\xb7\xe6\xb1\x82\xe5\x9c\xb0\xe5\x9d\x80url\xef\xbc\x9a\'https://www.imooc.com/search/history\'\xef\xbc\x8c\xe8\xaf\xb7\xe6\xb1\x82\xe6\x96\xb9\xe6\xb3\x95\xef\xbc\x9a\'Get\'\xef\xbc\x8c\xe8\xaf\xb7\xe6\xb1\x82header\xef\xbc\x9a\'{"Content-Type": "application/json"}\'\xef\xbc\x8c\xe8\xaf\xb7\xe6\xb1\x82\xe5\x8f\x82\xe6\x95\xb0\xef\xbc\x9a\'{"words": "Test"}\'\xef\xbc\x8c\xe8\xaf\xb7\xe6\xb1\x82\xe8\xbf\x94\xe5\x9b\x9e\xef\xbc\x9a\'{"result": 0, "data": [{"word": "testng"}, {"word": "test"}, {"word": "testlink"}, {"word": "testn"}, {"word": "testng\\\\u6559\\\\u7a0b"}], "msg": "\\\\u6210\\\\u529f"}\''
[2020-06-08 17:19:34.489905] [INFO] [test_request.py] [test_requestOne] [39] 接口请求地址url：'https://www.imooc.com/search/history'，请求方法：'Get'，请求header：'{"Content-Type": "application/json"}'，请求参数：'{"words": "Test"}'，请求返回：'{"result": 0, "data": [{"word": "testng"}, {"word": "test"}, {"word": "testlink"}, {"word": "testn"}, {"word": "testng\\u6559\\u7a0b"}], "msg": "\\u6210\\u529f"}'
[2020-06-08 17:21:07.647031] [INFO] [test_request.py] [test_requestOne] [39] 接口请求地址url：'https://www.imooc.com/search/history'，请求方法：'Get'，请求header：'{"Content-Type": "application/json"}'，请求参数：{'words': 'Test'}，请求返回：{'result': 0, 'data': [{'word': 'testng'}, {'word': 'test'}, {'word': 'testlink'}, {'word': 'testn'}, {'word': 'testng教程'}], 'msg': '成功'}
